C51 COMPILER V9.60.0.0   INTERRUPT                                                         04/25/2022 16:13:56 PAGE 1   


C51 COMPILER V9.60.0.0, COMPILATION OF MODULE INTERRUPT
OBJECT MODULE PLACED IN .\Objects\Interrupt.obj
COMPILER INVOKED BY: C:\Keil_v5\C51\BIN\C51.EXE Interrupt.c OPTIMIZE(8,SPEED) BROWSE DEBUG OBJECTEXTEND PRINT(.\Listings
                    -\Interrupt.lst) TABS(2) OBJECT(.\Objects\Interrupt.obj)

line level    source

   1          #include<reg51.h>
   2          sbit led1= P2^0;
   3          sbit led2= P2^1;
   4          sbit led3= P2^2;
   5          sbit led4= P2^3;
   6          void ISR_ex0(void);
   7          void Delay();
   8          void main()
   9          {
  10   1              P0 = 0x00;    // Make all pins zero
  11   1              P1 = 0x00;    // Make all pins zero
  12   1              P2 = 0x00;    // Make all pins zero
  13   1              P3 = 0x04;    // making Port3 pin 2 high
  14   1              IE=0x81;             // Enable INT0
  15   1              IT0=1;                 // Set Falling Edge Trigger for INT0
  16   1       while(1)
  17   1          {             
  18   2               led1= 1;
  19   2               led2= 0;
  20   2               led3= 1;
  21   2               led4= 0;
  22   2          }
  23   1      
  24   1      }
  25          
  26          //  Interrupt service routine function
  27          void ISR_ex0(void) interrupt 0     // ISR for external interrupt INT0
  28                {
  29   1      
  30   1                 led1=~led1;
  31   1                 led2=~led2;
  32   1                 led3=~led3;
  33   1                 led4=~led4;
  34   1                 Delay();              
  35   1           }
  36          
  37          //  Initialize delay with timer0 
  38          void Delay()
  39             {
  40   1      
  41   1           int i;
  42   1           TMOD = 0x01;      // Timer0 mode1
  43   1      
  44   1                      for(i=0;i<200;i++)
  45   1                      {
  46   2      
  47   2                     TH0=0xF8;              //initial values for 1sec delay
  48   2                      TL0=0xCC;
  49   2                      TR0 = 1;               // timer0 start
  50   2                  while (TF0 == 0);   // check overflow condition
  51   2                      TR0 = 0;               // Stop Timer
  52   2                      TF0 = 0;               // Clear flag
  53   2                    }
  54   1      
C51 COMPILER V9.60.0.0   INTERRUPT                                                         04/25/2022 16:13:56 PAGE 2   

  55   1      }


MODULE INFORMATION:   STATIC OVERLAYABLE
   CODE SIZE        =    125    ----
   CONSTANT SIZE    =   ----    ----
   XDATA SIZE       =   ----    ----
   PDATA SIZE       =   ----    ----
   DATA SIZE        =   ----    ----
   IDATA SIZE       =   ----    ----
   BIT SIZE         =   ----    ----
END OF MODULE INFORMATION.


C51 COMPILATION COMPLETE.  0 WARNING(S),  0 ERROR(S)
